[2022-06-09 08:17:44,497] {scheduler_job.py:182} INFO - Started process (PID=162) to work on /opt/airflow/dags/sample/sample.py
[2022-06-09 08:17:44,498] {scheduler_job.py:629} INFO - Processing file /opt/airflow/dags/sample/sample.py for tasks to queue
[2022-06-09 08:17:44,498] {logging_mixin.py:104} INFO - [2022-06-09 08:17:44,498] {dagbag.py:448} INFO - Filling up the DagBag from /opt/airflow/dags/sample/sample.py
[2022-06-09 08:17:44,515] {scheduler_job.py:639} INFO - DAG(s) dict_keys(['sample-dag']) retrieved from /opt/airflow/dags/sample/sample.py
[2022-06-09 08:17:44,531] {logging_mixin.py:104} INFO - [2022-06-09 08:17:44,531] {dag.py:1818} INFO - Sync 1 DAGs
[2022-06-09 08:17:44,538] {logging_mixin.py:104} INFO - [2022-06-09 08:17:44,538] {dag.py:1837} INFO - Creating ORM DAG for sample-dag
[2022-06-09 08:17:44,542] {logging_mixin.py:104} INFO - [2022-06-09 08:17:44,542] {dag.py:2273} INFO - Setting next_dagrun for sample-dag to None
[2022-06-09 08:17:44,552] {scheduler_job.py:190} INFO - Processing /opt/airflow/dags/sample/sample.py took 0.056 seconds
[2022-06-09 08:18:14,589] {scheduler_job.py:182} INFO - Started process (PID=167) to work on /opt/airflow/dags/sample/sample.py
[2022-06-09 08:18:14,590] {scheduler_job.py:629} INFO - Processing file /opt/airflow/dags/sample/sample.py for tasks to queue
[2022-06-09 08:18:14,590] {logging_mixin.py:104} INFO - [2022-06-09 08:18:14,590] {dagbag.py:448} INFO - Filling up the DagBag from /opt/airflow/dags/sample/sample.py
[2022-06-09 08:18:14,602] {scheduler_job.py:639} INFO - DAG(s) dict_keys(['sample-dag']) retrieved from /opt/airflow/dags/sample/sample.py
[2022-06-09 08:18:14,619] {logging_mixin.py:104} INFO - [2022-06-09 08:18:14,619] {dag.py:1818} INFO - Sync 1 DAGs
[2022-06-09 08:18:14,631] {logging_mixin.py:104} INFO - [2022-06-09 08:18:14,631] {dag.py:2273} INFO - Setting next_dagrun for sample-dag to None
[2022-06-09 08:18:14,638] {scheduler_job.py:190} INFO - Processing /opt/airflow/dags/sample/sample.py took 0.051 seconds
[2022-06-09 08:18:44,693] {scheduler_job.py:182} INFO - Started process (PID=172) to work on /opt/airflow/dags/sample/sample.py
[2022-06-09 08:18:44,694] {scheduler_job.py:629} INFO - Processing file /opt/airflow/dags/sample/sample.py for tasks to queue
[2022-06-09 08:18:44,694] {logging_mixin.py:104} INFO - [2022-06-09 08:18:44,694] {dagbag.py:448} INFO - Filling up the DagBag from /opt/airflow/dags/sample/sample.py
[2022-06-09 08:18:44,703] {scheduler_job.py:639} INFO - DAG(s) dict_keys(['sample-dag']) retrieved from /opt/airflow/dags/sample/sample.py
[2022-06-09 08:18:44,733] {logging_mixin.py:104} INFO - [2022-06-09 08:18:44,732] {dag.py:1818} INFO - Sync 1 DAGs
[2022-06-09 08:18:44,744] {logging_mixin.py:104} INFO - [2022-06-09 08:18:44,744] {dag.py:2273} INFO - Setting next_dagrun for sample-dag to None
[2022-06-09 08:18:44,751] {scheduler_job.py:190} INFO - Processing /opt/airflow/dags/sample/sample.py took 0.061 seconds
[2022-06-09 08:19:14,785] {scheduler_job.py:182} INFO - Started process (PID=215) to work on /opt/airflow/dags/sample/sample.py
[2022-06-09 08:19:14,786] {scheduler_job.py:629} INFO - Processing file /opt/airflow/dags/sample/sample.py for tasks to queue
[2022-06-09 08:19:14,786] {logging_mixin.py:104} INFO - [2022-06-09 08:19:14,786] {dagbag.py:448} INFO - Filling up the DagBag from /opt/airflow/dags/sample/sample.py
[2022-06-09 08:19:14,799] {scheduler_job.py:639} INFO - DAG(s) dict_keys(['sample-dag']) retrieved from /opt/airflow/dags/sample/sample.py
[2022-06-09 08:19:14,816] {logging_mixin.py:104} INFO - [2022-06-09 08:19:14,816] {dag.py:1818} INFO - Sync 1 DAGs
[2022-06-09 08:19:14,830] {logging_mixin.py:104} INFO - [2022-06-09 08:19:14,830] {dag.py:2273} INFO - Setting next_dagrun for sample-dag to None
[2022-06-09 08:19:14,845] {scheduler_job.py:190} INFO - Processing /opt/airflow/dags/sample/sample.py took 0.063 seconds
[2022-06-09 08:19:44,930] {scheduler_job.py:182} INFO - Started process (PID=342) to work on /opt/airflow/dags/sample/sample.py
[2022-06-09 08:19:44,934] {scheduler_job.py:629} INFO - Processing file /opt/airflow/dags/sample/sample.py for tasks to queue
[2022-06-09 08:19:44,935] {logging_mixin.py:104} INFO - [2022-06-09 08:19:44,935] {dagbag.py:448} INFO - Filling up the DagBag from /opt/airflow/dags/sample/sample.py
[2022-06-09 08:19:44,953] {scheduler_job.py:639} INFO - DAG(s) dict_keys(['sample-dag']) retrieved from /opt/airflow/dags/sample/sample.py
[2022-06-09 08:19:44,967] {logging_mixin.py:104} INFO - [2022-06-09 08:19:44,967] {dag.py:1818} INFO - Sync 1 DAGs
[2022-06-09 08:19:44,980] {logging_mixin.py:104} INFO - [2022-06-09 08:19:44,980] {dag.py:2273} INFO - Setting next_dagrun for sample-dag to None
[2022-06-09 08:19:44,987] {scheduler_job.py:190} INFO - Processing /opt/airflow/dags/sample/sample.py took 0.064 seconds
[2022-06-09 08:20:15,028] {scheduler_job.py:182} INFO - Started process (PID=347) to work on /opt/airflow/dags/sample/sample.py
[2022-06-09 08:20:15,031] {scheduler_job.py:629} INFO - Processing file /opt/airflow/dags/sample/sample.py for tasks to queue
[2022-06-09 08:20:15,031] {logging_mixin.py:104} INFO - [2022-06-09 08:20:15,031] {dagbag.py:448} INFO - Filling up the DagBag from /opt/airflow/dags/sample/sample.py
[2022-06-09 08:20:15,039] {scheduler_job.py:639} INFO - DAG(s) dict_keys(['sample-dag']) retrieved from /opt/airflow/dags/sample/sample.py
[2022-06-09 08:20:15,052] {logging_mixin.py:104} INFO - [2022-06-09 08:20:15,052] {dag.py:1818} INFO - Sync 1 DAGs
[2022-06-09 08:20:15,062] {logging_mixin.py:104} INFO - [2022-06-09 08:20:15,062] {dag.py:2273} INFO - Setting next_dagrun for sample-dag to None
[2022-06-09 08:20:15,128] {scheduler_job.py:190} INFO - Processing /opt/airflow/dags/sample/sample.py took 0.102 seconds
[2022-06-09 08:20:45,188] {scheduler_job.py:182} INFO - Started process (PID=352) to work on /opt/airflow/dags/sample/sample.py
[2022-06-09 08:20:45,190] {scheduler_job.py:629} INFO - Processing file /opt/airflow/dags/sample/sample.py for tasks to queue
[2022-06-09 08:20:45,192] {logging_mixin.py:104} INFO - [2022-06-09 08:20:45,191] {dagbag.py:448} INFO - Filling up the DagBag from /opt/airflow/dags/sample/sample.py
[2022-06-09 08:20:45,214] {scheduler_job.py:639} INFO - DAG(s) dict_keys(['sample-dag']) retrieved from /opt/airflow/dags/sample/sample.py
[2022-06-09 08:20:45,231] {logging_mixin.py:104} INFO - [2022-06-09 08:20:45,231] {dag.py:1818} INFO - Sync 1 DAGs
[2022-06-09 08:20:45,243] {logging_mixin.py:104} INFO - [2022-06-09 08:20:45,243] {dag.py:2273} INFO - Setting next_dagrun for sample-dag to None
[2022-06-09 08:20:45,252] {scheduler_job.py:190} INFO - Processing /opt/airflow/dags/sample/sample.py took 0.072 seconds
[2022-06-09 08:21:16,020] {scheduler_job.py:182} INFO - Started process (PID=357) to work on /opt/airflow/dags/sample/sample.py
[2022-06-09 08:21:16,021] {scheduler_job.py:629} INFO - Processing file /opt/airflow/dags/sample/sample.py for tasks to queue
[2022-06-09 08:21:16,021] {logging_mixin.py:104} INFO - [2022-06-09 08:21:16,021] {dagbag.py:448} INFO - Filling up the DagBag from /opt/airflow/dags/sample/sample.py
[2022-06-09 08:21:16,031] {scheduler_job.py:639} INFO - DAG(s) dict_keys(['sample-dag']) retrieved from /opt/airflow/dags/sample/sample.py
[2022-06-09 08:21:16,045] {logging_mixin.py:104} INFO - [2022-06-09 08:21:16,045] {dag.py:1818} INFO - Sync 1 DAGs
[2022-06-09 08:21:16,056] {logging_mixin.py:104} INFO - [2022-06-09 08:21:16,056] {dag.py:2273} INFO - Setting next_dagrun for sample-dag to None
[2022-06-09 08:21:28,624] {scheduler_job.py:190} INFO - Processing /opt/airflow/dags/sample/sample.py took 12.607 seconds
[2022-06-09 08:21:59,514] {scheduler_job.py:182} INFO - Started process (PID=362) to work on /opt/airflow/dags/sample/sample.py
[2022-06-09 08:21:59,515] {scheduler_job.py:629} INFO - Processing file /opt/airflow/dags/sample/sample.py for tasks to queue
[2022-06-09 08:21:59,516] {logging_mixin.py:104} INFO - [2022-06-09 08:21:59,516] {dagbag.py:448} INFO - Filling up the DagBag from /opt/airflow/dags/sample/sample.py
[2022-06-09 08:21:59,529] {scheduler_job.py:639} INFO - DAG(s) dict_keys(['sample-dag']) retrieved from /opt/airflow/dags/sample/sample.py
[2022-06-09 08:21:59,549] {logging_mixin.py:104} INFO - [2022-06-09 08:21:59,548] {dag.py:1818} INFO - Sync 1 DAGs
[2022-06-09 08:21:59,562] {logging_mixin.py:104} INFO - [2022-06-09 08:21:59,562] {dag.py:2273} INFO - Setting next_dagrun for sample-dag to None
[2022-06-09 08:22:04,088] {scheduler_job.py:190} INFO - Processing /opt/airflow/dags/sample/sample.py took 4.576 seconds
[2022-06-09 08:22:34,202] {scheduler_job.py:182} INFO - Started process (PID=367) to work on /opt/airflow/dags/sample/sample.py
[2022-06-09 08:22:34,203] {scheduler_job.py:629} INFO - Processing file /opt/airflow/dags/sample/sample.py for tasks to queue
[2022-06-09 08:22:34,203] {logging_mixin.py:104} INFO - [2022-06-09 08:22:34,203] {dagbag.py:448} INFO - Filling up the DagBag from /opt/airflow/dags/sample/sample.py
[2022-06-09 08:22:34,213] {scheduler_job.py:639} INFO - DAG(s) dict_keys(['sample-dag']) retrieved from /opt/airflow/dags/sample/sample.py
[2022-06-09 08:22:34,228] {logging_mixin.py:104} INFO - [2022-06-09 08:22:34,228] {dag.py:1818} INFO - Sync 1 DAGs
[2022-06-09 08:22:34,241] {logging_mixin.py:104} INFO - [2022-06-09 08:22:34,240] {dag.py:2273} INFO - Setting next_dagrun for sample-dag to None
[2022-06-09 08:22:34,253] {scheduler_job.py:190} INFO - Processing /opt/airflow/dags/sample/sample.py took 0.053 seconds
[2022-06-09 08:23:04,346] {scheduler_job.py:182} INFO - Started process (PID=372) to work on /opt/airflow/dags/sample/sample.py
[2022-06-09 08:23:04,347] {scheduler_job.py:629} INFO - Processing file /opt/airflow/dags/sample/sample.py for tasks to queue
[2022-06-09 08:23:04,348] {logging_mixin.py:104} INFO - [2022-06-09 08:23:04,347] {dagbag.py:448} INFO - Filling up the DagBag from /opt/airflow/dags/sample/sample.py
[2022-06-09 08:23:04,364] {scheduler_job.py:639} INFO - DAG(s) dict_keys(['sample-dag']) retrieved from /opt/airflow/dags/sample/sample.py
[2022-06-09 08:23:04,381] {logging_mixin.py:104} INFO - [2022-06-09 08:23:04,381] {dag.py:1818} INFO - Sync 1 DAGs
[2022-06-09 08:23:04,393] {logging_mixin.py:104} INFO - [2022-06-09 08:23:04,393] {dag.py:2273} INFO - Setting next_dagrun for sample-dag to None
[2022-06-09 08:23:04,402] {scheduler_job.py:190} INFO - Processing /opt/airflow/dags/sample/sample.py took 0.061 seconds
[2022-06-09 08:23:34,468] {scheduler_job.py:182} INFO - Started process (PID=377) to work on /opt/airflow/dags/sample/sample.py
[2022-06-09 08:23:34,469] {scheduler_job.py:629} INFO - Processing file /opt/airflow/dags/sample/sample.py for tasks to queue
[2022-06-09 08:23:34,469] {logging_mixin.py:104} INFO - [2022-06-09 08:23:34,469] {dagbag.py:448} INFO - Filling up the DagBag from /opt/airflow/dags/sample/sample.py
[2022-06-09 08:23:34,477] {scheduler_job.py:639} INFO - DAG(s) dict_keys(['sample-dag']) retrieved from /opt/airflow/dags/sample/sample.py
[2022-06-09 08:23:34,491] {logging_mixin.py:104} INFO - [2022-06-09 08:23:34,491] {dag.py:1818} INFO - Sync 1 DAGs
[2022-06-09 08:23:34,501] {logging_mixin.py:104} INFO - [2022-06-09 08:23:34,501] {dag.py:2273} INFO - Setting next_dagrun for sample-dag to None
[2022-06-09 08:23:34,511] {scheduler_job.py:190} INFO - Processing /opt/airflow/dags/sample/sample.py took 0.047 seconds
[2022-06-09 08:24:04,591] {scheduler_job.py:182} INFO - Started process (PID=382) to work on /opt/airflow/dags/sample/sample.py
[2022-06-09 08:24:04,592] {scheduler_job.py:629} INFO - Processing file /opt/airflow/dags/sample/sample.py for tasks to queue
[2022-06-09 08:24:04,593] {logging_mixin.py:104} INFO - [2022-06-09 08:24:04,593] {dagbag.py:448} INFO - Filling up the DagBag from /opt/airflow/dags/sample/sample.py
[2022-06-09 08:24:04,604] {scheduler_job.py:639} INFO - DAG(s) dict_keys(['sample-dag']) retrieved from /opt/airflow/dags/sample/sample.py
[2022-06-09 08:24:04,620] {logging_mixin.py:104} INFO - [2022-06-09 08:24:04,619] {dag.py:1818} INFO - Sync 1 DAGs
[2022-06-09 08:24:04,633] {logging_mixin.py:104} INFO - [2022-06-09 08:24:04,633] {dag.py:2273} INFO - Setting next_dagrun for sample-dag to None
[2022-06-09 08:24:04,644] {scheduler_job.py:190} INFO - Processing /opt/airflow/dags/sample/sample.py took 0.057 seconds
[2022-06-09 08:24:34,723] {scheduler_job.py:182} INFO - Started process (PID=387) to work on /opt/airflow/dags/sample/sample.py
[2022-06-09 08:24:34,723] {scheduler_job.py:629} INFO - Processing file /opt/airflow/dags/sample/sample.py for tasks to queue
[2022-06-09 08:24:34,724] {logging_mixin.py:104} INFO - [2022-06-09 08:24:34,724] {dagbag.py:448} INFO - Filling up the DagBag from /opt/airflow/dags/sample/sample.py
[2022-06-09 08:24:34,733] {scheduler_job.py:639} INFO - DAG(s) dict_keys(['sample-dag']) retrieved from /opt/airflow/dags/sample/sample.py
[2022-06-09 08:24:34,747] {logging_mixin.py:104} INFO - [2022-06-09 08:24:34,747] {dag.py:1818} INFO - Sync 1 DAGs
[2022-06-09 08:24:34,758] {logging_mixin.py:104} INFO - [2022-06-09 08:24:34,758] {dag.py:2273} INFO - Setting next_dagrun for sample-dag to None
[2022-06-09 08:24:34,771] {scheduler_job.py:190} INFO - Processing /opt/airflow/dags/sample/sample.py took 0.052 seconds
[2022-06-09 08:25:04,849] {scheduler_job.py:182} INFO - Started process (PID=392) to work on /opt/airflow/dags/sample/sample.py
[2022-06-09 08:25:04,850] {scheduler_job.py:629} INFO - Processing file /opt/airflow/dags/sample/sample.py for tasks to queue
[2022-06-09 08:25:04,851] {logging_mixin.py:104} INFO - [2022-06-09 08:25:04,851] {dagbag.py:448} INFO - Filling up the DagBag from /opt/airflow/dags/sample/sample.py
[2022-06-09 08:25:04,862] {scheduler_job.py:639} INFO - DAG(s) dict_keys(['sample-dag']) retrieved from /opt/airflow/dags/sample/sample.py
[2022-06-09 08:25:04,879] {logging_mixin.py:104} INFO - [2022-06-09 08:25:04,879] {dag.py:1818} INFO - Sync 1 DAGs
[2022-06-09 08:25:04,891] {logging_mixin.py:104} INFO - [2022-06-09 08:25:04,890] {dag.py:2273} INFO - Setting next_dagrun for sample-dag to None
[2022-06-09 08:25:04,901] {scheduler_job.py:190} INFO - Processing /opt/airflow/dags/sample/sample.py took 0.055 seconds
[2022-06-09 08:25:34,985] {scheduler_job.py:182} INFO - Started process (PID=397) to work on /opt/airflow/dags/sample/sample.py
[2022-06-09 08:25:34,987] {scheduler_job.py:629} INFO - Processing file /opt/airflow/dags/sample/sample.py for tasks to queue
[2022-06-09 08:25:34,989] {logging_mixin.py:104} INFO - [2022-06-09 08:25:34,989] {dagbag.py:448} INFO - Filling up the DagBag from /opt/airflow/dags/sample/sample.py
[2022-06-09 08:25:35,008] {scheduler_job.py:639} INFO - DAG(s) dict_keys(['sample-dag']) retrieved from /opt/airflow/dags/sample/sample.py
[2022-06-09 08:25:35,024] {logging_mixin.py:104} INFO - [2022-06-09 08:25:35,024] {dag.py:1818} INFO - Sync 1 DAGs
[2022-06-09 08:25:35,035] {logging_mixin.py:104} INFO - [2022-06-09 08:25:35,035] {dag.py:2273} INFO - Setting next_dagrun for sample-dag to None
[2022-06-09 08:25:35,042] {scheduler_job.py:190} INFO - Processing /opt/airflow/dags/sample/sample.py took 0.067 seconds
[2022-06-09 08:26:05,102] {scheduler_job.py:182} INFO - Started process (PID=402) to work on /opt/airflow/dags/sample/sample.py
[2022-06-09 08:26:05,104] {scheduler_job.py:629} INFO - Processing file /opt/airflow/dags/sample/sample.py for tasks to queue
[2022-06-09 08:26:05,105] {logging_mixin.py:104} INFO - [2022-06-09 08:26:05,105] {dagbag.py:448} INFO - Filling up the DagBag from /opt/airflow/dags/sample/sample.py
[2022-06-09 08:26:05,127] {scheduler_job.py:639} INFO - DAG(s) dict_keys(['sample-dag']) retrieved from /opt/airflow/dags/sample/sample.py
[2022-06-09 08:26:05,143] {logging_mixin.py:104} INFO - [2022-06-09 08:26:05,143] {dag.py:1818} INFO - Sync 1 DAGs
[2022-06-09 08:26:05,153] {logging_mixin.py:104} INFO - [2022-06-09 08:26:05,153] {dag.py:2273} INFO - Setting next_dagrun for sample-dag to None
[2022-06-09 08:26:05,160] {scheduler_job.py:190} INFO - Processing /opt/airflow/dags/sample/sample.py took 0.066 seconds
[2022-06-09 08:26:35,221] {scheduler_job.py:182} INFO - Started process (PID=506) to work on /opt/airflow/dags/sample/sample.py
[2022-06-09 08:26:35,222] {scheduler_job.py:629} INFO - Processing file /opt/airflow/dags/sample/sample.py for tasks to queue
[2022-06-09 08:26:35,224] {logging_mixin.py:104} INFO - [2022-06-09 08:26:35,223] {dagbag.py:448} INFO - Filling up the DagBag from /opt/airflow/dags/sample/sample.py
[2022-06-09 08:26:35,241] {scheduler_job.py:639} INFO - DAG(s) dict_keys(['sample-dag']) retrieved from /opt/airflow/dags/sample/sample.py
[2022-06-09 08:26:35,262] {logging_mixin.py:104} INFO - [2022-06-09 08:26:35,262] {dag.py:1818} INFO - Sync 1 DAGs
[2022-06-09 08:26:35,282] {logging_mixin.py:104} INFO - [2022-06-09 08:26:35,282] {dag.py:2273} INFO - Setting next_dagrun for sample-dag to None
[2022-06-09 08:26:35,291] {scheduler_job.py:190} INFO - Processing /opt/airflow/dags/sample/sample.py took 0.073 seconds
[2022-06-09 08:27:05,352] {scheduler_job.py:182} INFO - Started process (PID=553) to work on /opt/airflow/dags/sample/sample.py
[2022-06-09 08:27:05,354] {scheduler_job.py:629} INFO - Processing file /opt/airflow/dags/sample/sample.py for tasks to queue
[2022-06-09 08:27:05,355] {logging_mixin.py:104} INFO - [2022-06-09 08:27:05,355] {dagbag.py:448} INFO - Filling up the DagBag from /opt/airflow/dags/sample/sample.py
[2022-06-09 08:27:05,371] {scheduler_job.py:639} INFO - DAG(s) dict_keys(['sample-dag']) retrieved from /opt/airflow/dags/sample/sample.py
[2022-06-09 08:27:05,386] {logging_mixin.py:104} INFO - [2022-06-09 08:27:05,386] {dag.py:1818} INFO - Sync 1 DAGs
[2022-06-09 08:27:05,397] {logging_mixin.py:104} INFO - [2022-06-09 08:27:05,397] {dag.py:2273} INFO - Setting next_dagrun for sample-dag to None
[2022-06-09 08:27:05,403] {scheduler_job.py:190} INFO - Processing /opt/airflow/dags/sample/sample.py took 0.058 seconds
[2022-06-09 08:27:35,447] {scheduler_job.py:182} INFO - Started process (PID=558) to work on /opt/airflow/dags/sample/sample.py
[2022-06-09 08:27:35,448] {scheduler_job.py:629} INFO - Processing file /opt/airflow/dags/sample/sample.py for tasks to queue
[2022-06-09 08:27:35,448] {logging_mixin.py:104} INFO - [2022-06-09 08:27:35,448] {dagbag.py:448} INFO - Filling up the DagBag from /opt/airflow/dags/sample/sample.py
[2022-06-09 08:27:35,458] {scheduler_job.py:639} INFO - DAG(s) dict_keys(['sample-dag']) retrieved from /opt/airflow/dags/sample/sample.py
[2022-06-09 08:27:35,473] {logging_mixin.py:104} INFO - [2022-06-09 08:27:35,473] {dag.py:1818} INFO - Sync 1 DAGs
[2022-06-09 08:27:35,484] {logging_mixin.py:104} INFO - [2022-06-09 08:27:35,484] {dag.py:2273} INFO - Setting next_dagrun for sample-dag to None
[2022-06-09 08:27:35,493] {scheduler_job.py:190} INFO - Processing /opt/airflow/dags/sample/sample.py took 0.049 seconds
[2022-06-09 08:28:05,612] {scheduler_job.py:182} INFO - Started process (PID=563) to work on /opt/airflow/dags/sample/sample.py
[2022-06-09 08:28:05,614] {scheduler_job.py:629} INFO - Processing file /opt/airflow/dags/sample/sample.py for tasks to queue
[2022-06-09 08:28:05,615] {logging_mixin.py:104} INFO - [2022-06-09 08:28:05,615] {dagbag.py:448} INFO - Filling up the DagBag from /opt/airflow/dags/sample/sample.py
[2022-06-09 08:28:05,633] {scheduler_job.py:639} INFO - DAG(s) dict_keys(['sample-dag']) retrieved from /opt/airflow/dags/sample/sample.py
[2022-06-09 08:28:05,649] {logging_mixin.py:104} INFO - [2022-06-09 08:28:05,649] {dag.py:1818} INFO - Sync 1 DAGs
[2022-06-09 08:28:05,662] {logging_mixin.py:104} INFO - [2022-06-09 08:28:05,662] {dag.py:2273} INFO - Setting next_dagrun for sample-dag to None
[2022-06-09 08:28:05,669] {scheduler_job.py:190} INFO - Processing /opt/airflow/dags/sample/sample.py took 0.065 seconds
[2022-06-09 08:28:35,717] {scheduler_job.py:182} INFO - Started process (PID=568) to work on /opt/airflow/dags/sample/sample.py
[2022-06-09 08:28:35,719] {scheduler_job.py:629} INFO - Processing file /opt/airflow/dags/sample/sample.py for tasks to queue
[2022-06-09 08:28:35,720] {logging_mixin.py:104} INFO - [2022-06-09 08:28:35,720] {dagbag.py:448} INFO - Filling up the DagBag from /opt/airflow/dags/sample/sample.py
[2022-06-09 08:28:35,743] {scheduler_job.py:639} INFO - DAG(s) dict_keys(['sample-dag']) retrieved from /opt/airflow/dags/sample/sample.py
[2022-06-09 08:28:35,760] {logging_mixin.py:104} INFO - [2022-06-09 08:28:35,760] {dag.py:1818} INFO - Sync 1 DAGs
[2022-06-09 08:28:35,772] {logging_mixin.py:104} INFO - [2022-06-09 08:28:35,772] {dag.py:2273} INFO - Setting next_dagrun for sample-dag to None
[2022-06-09 08:28:35,781] {scheduler_job.py:190} INFO - Processing /opt/airflow/dags/sample/sample.py took 0.070 seconds
[2022-06-09 08:29:05,836] {scheduler_job.py:182} INFO - Started process (PID=573) to work on /opt/airflow/dags/sample/sample.py
[2022-06-09 08:29:05,837] {scheduler_job.py:629} INFO - Processing file /opt/airflow/dags/sample/sample.py for tasks to queue
[2022-06-09 08:29:05,838] {logging_mixin.py:104} INFO - [2022-06-09 08:29:05,838] {dagbag.py:448} INFO - Filling up the DagBag from /opt/airflow/dags/sample/sample.py
[2022-06-09 08:29:05,853] {scheduler_job.py:639} INFO - DAG(s) dict_keys(['sample-dag']) retrieved from /opt/airflow/dags/sample/sample.py
[2022-06-09 08:29:05,877] {logging_mixin.py:104} INFO - [2022-06-09 08:29:05,877] {dag.py:1818} INFO - Sync 1 DAGs
[2022-06-09 08:29:05,896] {logging_mixin.py:104} INFO - [2022-06-09 08:29:05,896] {dag.py:2273} INFO - Setting next_dagrun for sample-dag to None
[2022-06-09 08:29:05,909] {scheduler_job.py:190} INFO - Processing /opt/airflow/dags/sample/sample.py took 0.076 seconds
[2022-06-09 08:29:35,965] {scheduler_job.py:182} INFO - Started process (PID=578) to work on /opt/airflow/dags/sample/sample.py
[2022-06-09 08:29:35,969] {scheduler_job.py:629} INFO - Processing file /opt/airflow/dags/sample/sample.py for tasks to queue
[2022-06-09 08:29:35,971] {logging_mixin.py:104} INFO - [2022-06-09 08:29:35,971] {dagbag.py:448} INFO - Filling up the DagBag from /opt/airflow/dags/sample/sample.py
[2022-06-09 08:29:35,989] {scheduler_job.py:639} INFO - DAG(s) dict_keys(['sample-dag']) retrieved from /opt/airflow/dags/sample/sample.py
[2022-06-09 08:29:36,005] {logging_mixin.py:104} INFO - [2022-06-09 08:29:36,005] {dag.py:1818} INFO - Sync 1 DAGs
[2022-06-09 08:29:36,017] {logging_mixin.py:104} INFO - [2022-06-09 08:29:36,017] {dag.py:2273} INFO - Setting next_dagrun for sample-dag to None
[2022-06-09 08:29:36,027] {scheduler_job.py:190} INFO - Processing /opt/airflow/dags/sample/sample.py took 0.070 seconds
[2022-06-09 08:30:06,060] {scheduler_job.py:182} INFO - Started process (PID=583) to work on /opt/airflow/dags/sample/sample.py
[2022-06-09 08:30:06,060] {scheduler_job.py:629} INFO - Processing file /opt/airflow/dags/sample/sample.py for tasks to queue
[2022-06-09 08:30:06,061] {logging_mixin.py:104} INFO - [2022-06-09 08:30:06,061] {dagbag.py:448} INFO - Filling up the DagBag from /opt/airflow/dags/sample/sample.py
[2022-06-09 08:30:06,071] {scheduler_job.py:639} INFO - DAG(s) dict_keys(['sample-dag']) retrieved from /opt/airflow/dags/sample/sample.py
[2022-06-09 08:30:06,086] {logging_mixin.py:104} INFO - [2022-06-09 08:30:06,086] {dag.py:1818} INFO - Sync 1 DAGs
[2022-06-09 08:30:06,098] {logging_mixin.py:104} INFO - [2022-06-09 08:30:06,098] {dag.py:2273} INFO - Setting next_dagrun for sample-dag to None
[2022-06-09 08:30:06,107] {scheduler_job.py:190} INFO - Processing /opt/airflow/dags/sample/sample.py took 0.049 seconds
[2022-06-09 08:30:36,165] {scheduler_job.py:182} INFO - Started process (PID=588) to work on /opt/airflow/dags/sample/sample.py
[2022-06-09 08:30:36,166] {scheduler_job.py:629} INFO - Processing file /opt/airflow/dags/sample/sample.py for tasks to queue
[2022-06-09 08:30:36,166] {logging_mixin.py:104} INFO - [2022-06-09 08:30:36,166] {dagbag.py:448} INFO - Filling up the DagBag from /opt/airflow/dags/sample/sample.py
[2022-06-09 08:30:36,176] {scheduler_job.py:639} INFO - DAG(s) dict_keys(['sample-dag']) retrieved from /opt/airflow/dags/sample/sample.py
[2022-06-09 08:30:36,191] {logging_mixin.py:104} INFO - [2022-06-09 08:30:36,190] {dag.py:1818} INFO - Sync 1 DAGs
[2022-06-09 08:30:36,202] {logging_mixin.py:104} INFO - [2022-06-09 08:30:36,202] {dag.py:2273} INFO - Setting next_dagrun for sample-dag to None
[2022-06-09 08:30:36,209] {scheduler_job.py:190} INFO - Processing /opt/airflow/dags/sample/sample.py took 0.046 seconds
[2022-06-09 08:31:06,265] {scheduler_job.py:182} INFO - Started process (PID=593) to work on /opt/airflow/dags/sample/sample.py
[2022-06-09 08:31:06,266] {scheduler_job.py:629} INFO - Processing file /opt/airflow/dags/sample/sample.py for tasks to queue
[2022-06-09 08:31:06,266] {logging_mixin.py:104} INFO - [2022-06-09 08:31:06,266] {dagbag.py:448} INFO - Filling up the DagBag from /opt/airflow/dags/sample/sample.py
[2022-06-09 08:31:06,278] {scheduler_job.py:639} INFO - DAG(s) dict_keys(['sample-dag']) retrieved from /opt/airflow/dags/sample/sample.py
[2022-06-09 08:31:06,296] {logging_mixin.py:104} INFO - [2022-06-09 08:31:06,296] {dag.py:1818} INFO - Sync 1 DAGs
[2022-06-09 08:31:06,307] {logging_mixin.py:104} INFO - [2022-06-09 08:31:06,307] {dag.py:2273} INFO - Setting next_dagrun for sample-dag to None
[2022-06-09 08:31:06,313] {scheduler_job.py:190} INFO - Processing /opt/airflow/dags/sample/sample.py took 0.051 seconds
[2022-06-09 08:31:36,376] {scheduler_job.py:182} INFO - Started process (PID=598) to work on /opt/airflow/dags/sample/sample.py
[2022-06-09 08:31:36,378] {scheduler_job.py:629} INFO - Processing file /opt/airflow/dags/sample/sample.py for tasks to queue
[2022-06-09 08:31:36,380] {logging_mixin.py:104} INFO - [2022-06-09 08:31:36,379] {dagbag.py:448} INFO - Filling up the DagBag from /opt/airflow/dags/sample/sample.py
[2022-06-09 08:31:36,404] {scheduler_job.py:639} INFO - DAG(s) dict_keys(['sample-dag']) retrieved from /opt/airflow/dags/sample/sample.py
[2022-06-09 08:31:36,422] {logging_mixin.py:104} INFO - [2022-06-09 08:31:36,421] {dag.py:1818} INFO - Sync 1 DAGs
[2022-06-09 08:31:36,433] {logging_mixin.py:104} INFO - [2022-06-09 08:31:36,433] {dag.py:2273} INFO - Setting next_dagrun for sample-dag to None
[2022-06-09 08:31:36,447] {scheduler_job.py:190} INFO - Processing /opt/airflow/dags/sample/sample.py took 0.079 seconds
[2022-06-09 08:33:03,782] {scheduler_job.py:182} INFO - Started process (PID=161) to work on /opt/airflow/dags/sample/sample.py
[2022-06-09 08:33:03,783] {scheduler_job.py:629} INFO - Processing file /opt/airflow/dags/sample/sample.py for tasks to queue
[2022-06-09 08:33:03,783] {logging_mixin.py:104} INFO - [2022-06-09 08:33:03,783] {dagbag.py:448} INFO - Filling up the DagBag from /opt/airflow/dags/sample/sample.py
[2022-06-09 08:33:03,792] {scheduler_job.py:639} INFO - DAG(s) dict_keys(['sample-dag']) retrieved from /opt/airflow/dags/sample/sample.py
[2022-06-09 08:33:03,804] {logging_mixin.py:104} INFO - [2022-06-09 08:33:03,804] {dag.py:1818} INFO - Sync 1 DAGs
[2022-06-09 08:33:03,816] {logging_mixin.py:104} INFO - [2022-06-09 08:33:03,816] {dag.py:2273} INFO - Setting next_dagrun for sample-dag to None
[2022-06-09 08:33:03,822] {scheduler_job.py:190} INFO - Processing /opt/airflow/dags/sample/sample.py took 0.042 seconds
[2022-06-09 08:33:33,860] {scheduler_job.py:182} INFO - Started process (PID=167) to work on /opt/airflow/dags/sample/sample.py
[2022-06-09 08:33:33,861] {scheduler_job.py:629} INFO - Processing file /opt/airflow/dags/sample/sample.py for tasks to queue
[2022-06-09 08:33:33,861] {logging_mixin.py:104} INFO - [2022-06-09 08:33:33,861] {dagbag.py:448} INFO - Filling up the DagBag from /opt/airflow/dags/sample/sample.py
[2022-06-09 08:33:33,870] {scheduler_job.py:639} INFO - DAG(s) dict_keys(['sample-dag']) retrieved from /opt/airflow/dags/sample/sample.py
[2022-06-09 08:33:33,883] {logging_mixin.py:104} INFO - [2022-06-09 08:33:33,883] {dag.py:1818} INFO - Sync 1 DAGs
[2022-06-09 08:33:33,893] {logging_mixin.py:104} INFO - [2022-06-09 08:33:33,893] {dag.py:2273} INFO - Setting next_dagrun for sample-dag to None
[2022-06-09 08:33:33,899] {scheduler_job.py:190} INFO - Processing /opt/airflow/dags/sample/sample.py took 0.041 seconds
[2022-06-09 08:34:03,963] {scheduler_job.py:182} INFO - Started process (PID=172) to work on /opt/airflow/dags/sample/sample.py
[2022-06-09 08:34:03,963] {scheduler_job.py:629} INFO - Processing file /opt/airflow/dags/sample/sample.py for tasks to queue
[2022-06-09 08:34:03,964] {logging_mixin.py:104} INFO - [2022-06-09 08:34:03,964] {dagbag.py:448} INFO - Filling up the DagBag from /opt/airflow/dags/sample/sample.py
[2022-06-09 08:34:03,975] {scheduler_job.py:639} INFO - DAG(s) dict_keys(['sample-dag']) retrieved from /opt/airflow/dags/sample/sample.py
[2022-06-09 08:34:03,989] {logging_mixin.py:104} INFO - [2022-06-09 08:34:03,989] {dag.py:1818} INFO - Sync 1 DAGs
[2022-06-09 08:34:04,000] {logging_mixin.py:104} INFO - [2022-06-09 08:34:04,000] {dag.py:2273} INFO - Setting next_dagrun for sample-dag to None
[2022-06-09 08:34:04,006] {scheduler_job.py:190} INFO - Processing /opt/airflow/dags/sample/sample.py took 0.045 seconds
[2022-06-09 08:34:34,076] {scheduler_job.py:182} INFO - Started process (PID=177) to work on /opt/airflow/dags/sample/sample.py
[2022-06-09 08:34:34,077] {scheduler_job.py:629} INFO - Processing file /opt/airflow/dags/sample/sample.py for tasks to queue
[2022-06-09 08:34:34,077] {logging_mixin.py:104} INFO - [2022-06-09 08:34:34,077] {dagbag.py:448} INFO - Filling up the DagBag from /opt/airflow/dags/sample/sample.py
[2022-06-09 08:34:34,087] {scheduler_job.py:639} INFO - DAG(s) dict_keys(['sample-dag']) retrieved from /opt/airflow/dags/sample/sample.py
[2022-06-09 08:34:34,100] {logging_mixin.py:104} INFO - [2022-06-09 08:34:34,100] {dag.py:1818} INFO - Sync 1 DAGs
[2022-06-09 08:34:34,110] {logging_mixin.py:104} INFO - [2022-06-09 08:34:34,110] {dag.py:2273} INFO - Setting next_dagrun for sample-dag to None
[2022-06-09 08:34:34,116] {scheduler_job.py:190} INFO - Processing /opt/airflow/dags/sample/sample.py took 0.042 seconds
[2022-06-09 08:34:46,434] {scheduler_job.py:182} INFO - Started process (PID=162) to work on /opt/airflow/dags/sample/sample.py
[2022-06-09 08:34:46,435] {scheduler_job.py:629} INFO - Processing file /opt/airflow/dags/sample/sample.py for tasks to queue
[2022-06-09 08:34:46,436] {logging_mixin.py:104} INFO - [2022-06-09 08:34:46,436] {dagbag.py:448} INFO - Filling up the DagBag from /opt/airflow/dags/sample/sample.py
[2022-06-09 08:34:46,447] {scheduler_job.py:639} INFO - DAG(s) dict_keys(['sample-dag']) retrieved from /opt/airflow/dags/sample/sample.py
[2022-06-09 08:34:46,465] {logging_mixin.py:104} INFO - [2022-06-09 08:34:46,465] {dag.py:1818} INFO - Sync 1 DAGs
[2022-06-09 08:34:46,478] {logging_mixin.py:104} INFO - [2022-06-09 08:34:46,478] {dag.py:2273} INFO - Setting next_dagrun for sample-dag to None
[2022-06-09 08:34:46,487] {scheduler_job.py:190} INFO - Processing /opt/airflow/dags/sample/sample.py took 0.056 seconds
[2022-06-09 08:35:16,524] {scheduler_job.py:182} INFO - Started process (PID=168) to work on /opt/airflow/dags/sample/sample.py
[2022-06-09 08:35:16,525] {scheduler_job.py:629} INFO - Processing file /opt/airflow/dags/sample/sample.py for tasks to queue
[2022-06-09 08:35:16,525] {logging_mixin.py:104} INFO - [2022-06-09 08:35:16,525] {dagbag.py:448} INFO - Filling up the DagBag from /opt/airflow/dags/sample/sample.py
[2022-06-09 08:35:16,535] {scheduler_job.py:639} INFO - DAG(s) dict_keys(['sample-dag']) retrieved from /opt/airflow/dags/sample/sample.py
[2022-06-09 08:35:16,549] {logging_mixin.py:104} INFO - [2022-06-09 08:35:16,549] {dag.py:1818} INFO - Sync 1 DAGs
[2022-06-09 08:35:16,559] {logging_mixin.py:104} INFO - [2022-06-09 08:35:16,559] {dag.py:2273} INFO - Setting next_dagrun for sample-dag to None
[2022-06-09 08:35:16,565] {scheduler_job.py:190} INFO - Processing /opt/airflow/dags/sample/sample.py took 0.044 seconds
[2022-06-09 08:35:46,641] {scheduler_job.py:182} INFO - Started process (PID=173) to work on /opt/airflow/dags/sample/sample.py
[2022-06-09 08:35:46,642] {scheduler_job.py:629} INFO - Processing file /opt/airflow/dags/sample/sample.py for tasks to queue
[2022-06-09 08:35:46,643] {logging_mixin.py:104} INFO - [2022-06-09 08:35:46,643] {dagbag.py:448} INFO - Filling up the DagBag from /opt/airflow/dags/sample/sample.py
[2022-06-09 08:35:46,659] {scheduler_job.py:639} INFO - DAG(s) dict_keys(['sample-dag']) retrieved from /opt/airflow/dags/sample/sample.py
[2022-06-09 08:35:46,680] {logging_mixin.py:104} INFO - [2022-06-09 08:35:46,680] {dag.py:1818} INFO - Sync 1 DAGs
[2022-06-09 08:35:46,694] {logging_mixin.py:104} INFO - [2022-06-09 08:35:46,694] {dag.py:2273} INFO - Setting next_dagrun for sample-dag to None
[2022-06-09 08:35:46,702] {scheduler_job.py:190} INFO - Processing /opt/airflow/dags/sample/sample.py took 0.065 seconds
[2022-06-09 08:36:38,019] {scheduler_job.py:182} INFO - Started process (PID=162) to work on /opt/airflow/dags/sample/sample.py
[2022-06-09 08:36:38,020] {scheduler_job.py:629} INFO - Processing file /opt/airflow/dags/sample/sample.py for tasks to queue
[2022-06-09 08:36:38,021] {logging_mixin.py:104} INFO - [2022-06-09 08:36:38,021] {dagbag.py:448} INFO - Filling up the DagBag from /opt/airflow/dags/sample/sample.py
[2022-06-09 08:36:38,033] {scheduler_job.py:639} INFO - DAG(s) dict_keys(['sample-dag']) retrieved from /opt/airflow/dags/sample/sample.py
[2022-06-09 08:36:38,046] {logging_mixin.py:104} INFO - [2022-06-09 08:36:38,046] {dag.py:1818} INFO - Sync 1 DAGs
[2022-06-09 08:36:38,060] {logging_mixin.py:104} INFO - [2022-06-09 08:36:38,060] {dag.py:2273} INFO - Setting next_dagrun for sample-dag to None
[2022-06-09 08:36:38,066] {scheduler_job.py:190} INFO - Processing /opt/airflow/dags/sample/sample.py took 0.051 seconds
[2022-06-09 08:37:08,120] {scheduler_job.py:182} INFO - Started process (PID=168) to work on /opt/airflow/dags/sample/sample.py
[2022-06-09 08:37:08,121] {scheduler_job.py:629} INFO - Processing file /opt/airflow/dags/sample/sample.py for tasks to queue
[2022-06-09 08:37:08,122] {logging_mixin.py:104} INFO - [2022-06-09 08:37:08,122] {dagbag.py:448} INFO - Filling up the DagBag from /opt/airflow/dags/sample/sample.py
[2022-06-09 08:37:08,140] {scheduler_job.py:639} INFO - DAG(s) dict_keys(['sample-dag']) retrieved from /opt/airflow/dags/sample/sample.py
[2022-06-09 08:37:08,162] {logging_mixin.py:104} INFO - [2022-06-09 08:37:08,161] {dag.py:1818} INFO - Sync 1 DAGs
[2022-06-09 08:37:08,178] {logging_mixin.py:104} INFO - [2022-06-09 08:37:08,178] {dag.py:2273} INFO - Setting next_dagrun for sample-dag to None
[2022-06-09 08:37:08,187] {scheduler_job.py:190} INFO - Processing /opt/airflow/dags/sample/sample.py took 0.070 seconds
[2022-06-09 08:37:38,229] {scheduler_job.py:182} INFO - Started process (PID=173) to work on /opt/airflow/dags/sample/sample.py
[2022-06-09 08:37:38,230] {scheduler_job.py:629} INFO - Processing file /opt/airflow/dags/sample/sample.py for tasks to queue
[2022-06-09 08:37:38,231] {logging_mixin.py:104} INFO - [2022-06-09 08:37:38,231] {dagbag.py:448} INFO - Filling up the DagBag from /opt/airflow/dags/sample/sample.py
[2022-06-09 08:37:38,243] {scheduler_job.py:639} INFO - DAG(s) dict_keys(['sample-dag']) retrieved from /opt/airflow/dags/sample/sample.py
[2022-06-09 08:37:38,259] {logging_mixin.py:104} INFO - [2022-06-09 08:37:38,259] {dag.py:1818} INFO - Sync 1 DAGs
[2022-06-09 08:37:38,271] {logging_mixin.py:104} INFO - [2022-06-09 08:37:38,271] {dag.py:2273} INFO - Setting next_dagrun for sample-dag to None
[2022-06-09 08:37:38,288] {scheduler_job.py:190} INFO - Processing /opt/airflow/dags/sample/sample.py took 0.062 seconds
[2022-06-09 08:38:08,352] {scheduler_job.py:182} INFO - Started process (PID=178) to work on /opt/airflow/dags/sample/sample.py
[2022-06-09 08:38:08,353] {scheduler_job.py:629} INFO - Processing file /opt/airflow/dags/sample/sample.py for tasks to queue
[2022-06-09 08:38:08,354] {logging_mixin.py:104} INFO - [2022-06-09 08:38:08,354] {dagbag.py:448} INFO - Filling up the DagBag from /opt/airflow/dags/sample/sample.py
[2022-06-09 08:38:08,366] {scheduler_job.py:639} INFO - DAG(s) dict_keys(['sample-dag']) retrieved from /opt/airflow/dags/sample/sample.py
[2022-06-09 08:38:08,382] {logging_mixin.py:104} INFO - [2022-06-09 08:38:08,382] {dag.py:1818} INFO - Sync 1 DAGs
[2022-06-09 08:38:08,395] {logging_mixin.py:104} INFO - [2022-06-09 08:38:08,395] {dag.py:2273} INFO - Setting next_dagrun for sample-dag to None
[2022-06-09 08:38:08,404] {scheduler_job.py:190} INFO - Processing /opt/airflow/dags/sample/sample.py took 0.054 seconds
[2022-06-09 08:38:38,452] {scheduler_job.py:182} INFO - Started process (PID=183) to work on /opt/airflow/dags/sample/sample.py
[2022-06-09 08:38:38,452] {scheduler_job.py:629} INFO - Processing file /opt/airflow/dags/sample/sample.py for tasks to queue
[2022-06-09 08:38:38,453] {logging_mixin.py:104} INFO - [2022-06-09 08:38:38,452] {dagbag.py:448} INFO - Filling up the DagBag from /opt/airflow/dags/sample/sample.py
[2022-06-09 08:38:38,463] {scheduler_job.py:639} INFO - DAG(s) dict_keys(['sample-dag']) retrieved from /opt/airflow/dags/sample/sample.py
[2022-06-09 08:38:38,478] {logging_mixin.py:104} INFO - [2022-06-09 08:38:38,478] {dag.py:1818} INFO - Sync 1 DAGs
[2022-06-09 08:38:38,489] {logging_mixin.py:104} INFO - [2022-06-09 08:38:38,489] {dag.py:2273} INFO - Setting next_dagrun for sample-dag to None
[2022-06-09 08:38:38,495] {scheduler_job.py:190} INFO - Processing /opt/airflow/dags/sample/sample.py took 0.046 seconds
[2022-06-09 08:39:08,574] {scheduler_job.py:182} INFO - Started process (PID=188) to work on /opt/airflow/dags/sample/sample.py
[2022-06-09 08:39:08,586] {scheduler_job.py:629} INFO - Processing file /opt/airflow/dags/sample/sample.py for tasks to queue
[2022-06-09 08:39:08,587] {logging_mixin.py:104} INFO - [2022-06-09 08:39:08,587] {dagbag.py:448} INFO - Filling up the DagBag from /opt/airflow/dags/sample/sample.py
[2022-06-09 08:39:08,605] {scheduler_job.py:639} INFO - DAG(s) dict_keys(['sample-dag']) retrieved from /opt/airflow/dags/sample/sample.py
[2022-06-09 08:39:08,619] {logging_mixin.py:104} INFO - [2022-06-09 08:39:08,619] {dag.py:1818} INFO - Sync 1 DAGs
[2022-06-09 08:39:08,629] {logging_mixin.py:104} INFO - [2022-06-09 08:39:08,629] {dag.py:2273} INFO - Setting next_dagrun for sample-dag to None
[2022-06-09 08:39:08,635] {scheduler_job.py:190} INFO - Processing /opt/airflow/dags/sample/sample.py took 0.070 seconds
[2022-06-09 08:39:38,666] {scheduler_job.py:182} INFO - Started process (PID=193) to work on /opt/airflow/dags/sample/sample.py
[2022-06-09 08:39:38,667] {scheduler_job.py:629} INFO - Processing file /opt/airflow/dags/sample/sample.py for tasks to queue
[2022-06-09 08:39:38,667] {logging_mixin.py:104} INFO - [2022-06-09 08:39:38,667] {dagbag.py:448} INFO - Filling up the DagBag from /opt/airflow/dags/sample/sample.py
[2022-06-09 08:39:38,680] {scheduler_job.py:639} INFO - DAG(s) dict_keys(['sample-dag']) retrieved from /opt/airflow/dags/sample/sample.py
[2022-06-09 08:39:38,702] {logging_mixin.py:104} INFO - [2022-06-09 08:39:38,702] {dag.py:1818} INFO - Sync 1 DAGs
[2022-06-09 08:39:38,720] {logging_mixin.py:104} INFO - [2022-06-09 08:39:38,720] {dag.py:2273} INFO - Setting next_dagrun for sample-dag to None
[2022-06-09 08:39:38,729] {scheduler_job.py:190} INFO - Processing /opt/airflow/dags/sample/sample.py took 0.067 seconds
[2022-06-09 08:40:08,783] {scheduler_job.py:182} INFO - Started process (PID=198) to work on /opt/airflow/dags/sample/sample.py
[2022-06-09 08:40:08,784] {scheduler_job.py:629} INFO - Processing file /opt/airflow/dags/sample/sample.py for tasks to queue
[2022-06-09 08:40:08,785] {logging_mixin.py:104} INFO - [2022-06-09 08:40:08,784] {dagbag.py:448} INFO - Filling up the DagBag from /opt/airflow/dags/sample/sample.py
[2022-06-09 08:40:08,795] {scheduler_job.py:639} INFO - DAG(s) dict_keys(['sample-dag']) retrieved from /opt/airflow/dags/sample/sample.py
[2022-06-09 08:40:08,812] {logging_mixin.py:104} INFO - [2022-06-09 08:40:08,811] {dag.py:1818} INFO - Sync 1 DAGs
[2022-06-09 08:40:08,822] {logging_mixin.py:104} INFO - [2022-06-09 08:40:08,822] {dag.py:2273} INFO - Setting next_dagrun for sample-dag to None
[2022-06-09 08:40:08,831] {scheduler_job.py:190} INFO - Processing /opt/airflow/dags/sample/sample.py took 0.050 seconds
[2022-06-09 08:40:38,871] {scheduler_job.py:182} INFO - Started process (PID=203) to work on /opt/airflow/dags/sample/sample.py
[2022-06-09 08:40:38,871] {scheduler_job.py:629} INFO - Processing file /opt/airflow/dags/sample/sample.py for tasks to queue
[2022-06-09 08:40:38,872] {logging_mixin.py:104} INFO - [2022-06-09 08:40:38,872] {dagbag.py:448} INFO - Filling up the DagBag from /opt/airflow/dags/sample/sample.py
[2022-06-09 08:40:38,881] {scheduler_job.py:639} INFO - DAG(s) dict_keys(['sample-dag']) retrieved from /opt/airflow/dags/sample/sample.py
[2022-06-09 08:40:38,895] {logging_mixin.py:104} INFO - [2022-06-09 08:40:38,895] {dag.py:1818} INFO - Sync 1 DAGs
[2022-06-09 08:40:38,906] {logging_mixin.py:104} INFO - [2022-06-09 08:40:38,906] {dag.py:2273} INFO - Setting next_dagrun for sample-dag to None
[2022-06-09 08:40:38,914] {scheduler_job.py:190} INFO - Processing /opt/airflow/dags/sample/sample.py took 0.046 seconds
[2022-06-09 08:41:08,982] {scheduler_job.py:182} INFO - Started process (PID=208) to work on /opt/airflow/dags/sample/sample.py
[2022-06-09 08:41:08,983] {scheduler_job.py:629} INFO - Processing file /opt/airflow/dags/sample/sample.py for tasks to queue
[2022-06-09 08:41:08,984] {logging_mixin.py:104} INFO - [2022-06-09 08:41:08,983] {dagbag.py:448} INFO - Filling up the DagBag from /opt/airflow/dags/sample/sample.py
[2022-06-09 08:41:08,996] {scheduler_job.py:639} INFO - DAG(s) dict_keys(['sample-dag']) retrieved from /opt/airflow/dags/sample/sample.py
[2022-06-09 08:41:09,015] {logging_mixin.py:104} INFO - [2022-06-09 08:41:09,015] {dag.py:1818} INFO - Sync 1 DAGs
[2022-06-09 08:41:09,029] {logging_mixin.py:104} INFO - [2022-06-09 08:41:09,029] {dag.py:2273} INFO - Setting next_dagrun for sample-dag to None
[2022-06-09 08:41:09,038] {scheduler_job.py:190} INFO - Processing /opt/airflow/dags/sample/sample.py took 0.058 seconds
[2022-06-09 08:41:39,146] {scheduler_job.py:182} INFO - Started process (PID=213) to work on /opt/airflow/dags/sample/sample.py
[2022-06-09 08:41:39,147] {scheduler_job.py:629} INFO - Processing file /opt/airflow/dags/sample/sample.py for tasks to queue
[2022-06-09 08:41:39,147] {logging_mixin.py:104} INFO - [2022-06-09 08:41:39,147] {dagbag.py:448} INFO - Filling up the DagBag from /opt/airflow/dags/sample/sample.py
[2022-06-09 08:41:39,159] {scheduler_job.py:639} INFO - DAG(s) dict_keys(['sample-dag']) retrieved from /opt/airflow/dags/sample/sample.py
[2022-06-09 08:41:39,173] {logging_mixin.py:104} INFO - [2022-06-09 08:41:39,173] {dag.py:1818} INFO - Sync 1 DAGs
[2022-06-09 08:41:39,184] {logging_mixin.py:104} INFO - [2022-06-09 08:41:39,184] {dag.py:2273} INFO - Setting next_dagrun for sample-dag to None
[2022-06-09 08:41:39,191] {scheduler_job.py:190} INFO - Processing /opt/airflow/dags/sample/sample.py took 0.050 seconds
[2022-06-09 08:42:09,280] {scheduler_job.py:182} INFO - Started process (PID=218) to work on /opt/airflow/dags/sample/sample.py
[2022-06-09 08:42:09,283] {scheduler_job.py:629} INFO - Processing file /opt/airflow/dags/sample/sample.py for tasks to queue
[2022-06-09 08:42:09,284] {logging_mixin.py:104} INFO - [2022-06-09 08:42:09,284] {dagbag.py:448} INFO - Filling up the DagBag from /opt/airflow/dags/sample/sample.py
[2022-06-09 08:42:09,297] {scheduler_job.py:639} INFO - DAG(s) dict_keys(['sample-dag']) retrieved from /opt/airflow/dags/sample/sample.py
[2022-06-09 08:42:09,312] {logging_mixin.py:104} INFO - [2022-06-09 08:42:09,312] {dag.py:1818} INFO - Sync 1 DAGs
[2022-06-09 08:42:09,324] {logging_mixin.py:104} INFO - [2022-06-09 08:42:09,324] {dag.py:2273} INFO - Setting next_dagrun for sample-dag to None
[2022-06-09 08:42:09,331] {scheduler_job.py:190} INFO - Processing /opt/airflow/dags/sample/sample.py took 0.059 seconds
[2022-06-09 08:42:39,387] {scheduler_job.py:182} INFO - Started process (PID=223) to work on /opt/airflow/dags/sample/sample.py
[2022-06-09 08:42:39,388] {scheduler_job.py:629} INFO - Processing file /opt/airflow/dags/sample/sample.py for tasks to queue
[2022-06-09 08:42:39,389] {logging_mixin.py:104} INFO - [2022-06-09 08:42:39,389] {dagbag.py:448} INFO - Filling up the DagBag from /opt/airflow/dags/sample/sample.py
[2022-06-09 08:42:39,403] {scheduler_job.py:639} INFO - DAG(s) dict_keys(['sample-dag']) retrieved from /opt/airflow/dags/sample/sample.py
[2022-06-09 08:42:39,425] {logging_mixin.py:104} INFO - [2022-06-09 08:42:39,425] {dag.py:1818} INFO - Sync 1 DAGs
[2022-06-09 08:42:39,445] {logging_mixin.py:104} INFO - [2022-06-09 08:42:39,444] {dag.py:2273} INFO - Setting next_dagrun for sample-dag to None
[2022-06-09 08:42:39,456] {scheduler_job.py:190} INFO - Processing /opt/airflow/dags/sample/sample.py took 0.072 seconds
[2022-06-09 08:43:09,497] {scheduler_job.py:182} INFO - Started process (PID=228) to work on /opt/airflow/dags/sample/sample.py
[2022-06-09 08:43:09,498] {scheduler_job.py:629} INFO - Processing file /opt/airflow/dags/sample/sample.py for tasks to queue
[2022-06-09 08:43:09,498] {logging_mixin.py:104} INFO - [2022-06-09 08:43:09,498] {dagbag.py:448} INFO - Filling up the DagBag from /opt/airflow/dags/sample/sample.py
[2022-06-09 08:43:09,510] {scheduler_job.py:639} INFO - DAG(s) dict_keys(['sample-dag']) retrieved from /opt/airflow/dags/sample/sample.py
[2022-06-09 08:43:09,530] {logging_mixin.py:104} INFO - [2022-06-09 08:43:09,530] {dag.py:1818} INFO - Sync 1 DAGs
[2022-06-09 08:43:09,545] {logging_mixin.py:104} INFO - [2022-06-09 08:43:09,545] {dag.py:2273} INFO - Setting next_dagrun for sample-dag to None
[2022-06-09 08:43:09,556] {scheduler_job.py:190} INFO - Processing /opt/airflow/dags/sample/sample.py took 0.062 seconds
[2022-06-09 08:43:39,619] {scheduler_job.py:182} INFO - Started process (PID=233) to work on /opt/airflow/dags/sample/sample.py
[2022-06-09 08:43:39,620] {scheduler_job.py:629} INFO - Processing file /opt/airflow/dags/sample/sample.py for tasks to queue
[2022-06-09 08:43:39,620] {logging_mixin.py:104} INFO - [2022-06-09 08:43:39,620] {dagbag.py:448} INFO - Filling up the DagBag from /opt/airflow/dags/sample/sample.py
[2022-06-09 08:43:39,632] {scheduler_job.py:639} INFO - DAG(s) dict_keys(['sample-dag']) retrieved from /opt/airflow/dags/sample/sample.py
[2022-06-09 08:43:39,651] {logging_mixin.py:104} INFO - [2022-06-09 08:43:39,651] {dag.py:1818} INFO - Sync 1 DAGs
[2022-06-09 08:43:39,665] {logging_mixin.py:104} INFO - [2022-06-09 08:43:39,665] {dag.py:2273} INFO - Setting next_dagrun for sample-dag to None
[2022-06-09 08:43:39,677] {scheduler_job.py:190} INFO - Processing /opt/airflow/dags/sample/sample.py took 0.060 seconds
[2022-06-09 08:44:09,739] {scheduler_job.py:182} INFO - Started process (PID=238) to work on /opt/airflow/dags/sample/sample.py
[2022-06-09 08:44:09,739] {scheduler_job.py:629} INFO - Processing file /opt/airflow/dags/sample/sample.py for tasks to queue
[2022-06-09 08:44:09,740] {logging_mixin.py:104} INFO - [2022-06-09 08:44:09,740] {dagbag.py:448} INFO - Filling up the DagBag from /opt/airflow/dags/sample/sample.py
[2022-06-09 08:44:09,748] {scheduler_job.py:639} INFO - DAG(s) dict_keys(['sample-dag']) retrieved from /opt/airflow/dags/sample/sample.py
[2022-06-09 08:44:09,762] {logging_mixin.py:104} INFO - [2022-06-09 08:44:09,762] {dag.py:1818} INFO - Sync 1 DAGs
[2022-06-09 08:44:09,774] {logging_mixin.py:104} INFO - [2022-06-09 08:44:09,774] {dag.py:2273} INFO - Setting next_dagrun for sample-dag to None
[2022-06-09 08:44:09,782] {scheduler_job.py:190} INFO - Processing /opt/airflow/dags/sample/sample.py took 0.047 seconds
[2022-06-09 08:44:39,823] {scheduler_job.py:182} INFO - Started process (PID=243) to work on /opt/airflow/dags/sample/sample.py
[2022-06-09 08:44:39,824] {scheduler_job.py:629} INFO - Processing file /opt/airflow/dags/sample/sample.py for tasks to queue
[2022-06-09 08:44:39,825] {logging_mixin.py:104} INFO - [2022-06-09 08:44:39,825] {dagbag.py:448} INFO - Filling up the DagBag from /opt/airflow/dags/sample/sample.py
[2022-06-09 08:44:39,836] {scheduler_job.py:639} INFO - DAG(s) dict_keys(['sample-dag']) retrieved from /opt/airflow/dags/sample/sample.py
[2022-06-09 08:44:39,858] {logging_mixin.py:104} INFO - [2022-06-09 08:44:39,858] {dag.py:1818} INFO - Sync 1 DAGs
[2022-06-09 08:44:39,874] {logging_mixin.py:104} INFO - [2022-06-09 08:44:39,874] {dag.py:2273} INFO - Setting next_dagrun for sample-dag to None
[2022-06-09 08:44:39,883] {scheduler_job.py:190} INFO - Processing /opt/airflow/dags/sample/sample.py took 0.062 seconds
[2022-06-09 08:45:09,946] {scheduler_job.py:182} INFO - Started process (PID=248) to work on /opt/airflow/dags/sample/sample.py
[2022-06-09 08:45:09,947] {scheduler_job.py:629} INFO - Processing file /opt/airflow/dags/sample/sample.py for tasks to queue
[2022-06-09 08:45:09,948] {logging_mixin.py:104} INFO - [2022-06-09 08:45:09,947] {dagbag.py:448} INFO - Filling up the DagBag from /opt/airflow/dags/sample/sample.py
[2022-06-09 08:45:09,956] {scheduler_job.py:639} INFO - DAG(s) dict_keys(['sample-dag']) retrieved from /opt/airflow/dags/sample/sample.py
[2022-06-09 08:45:09,970] {logging_mixin.py:104} INFO - [2022-06-09 08:45:09,970] {dag.py:1818} INFO - Sync 1 DAGs
[2022-06-09 08:45:09,981] {logging_mixin.py:104} INFO - [2022-06-09 08:45:09,981] {dag.py:2273} INFO - Setting next_dagrun for sample-dag to None
[2022-06-09 08:45:09,992] {scheduler_job.py:190} INFO - Processing /opt/airflow/dags/sample/sample.py took 0.047 seconds
[2022-06-09 08:46:24,569] {scheduler_job.py:182} INFO - Started process (PID=161) to work on /opt/airflow/dags/sample/sample.py
[2022-06-09 08:46:24,570] {scheduler_job.py:629} INFO - Processing file /opt/airflow/dags/sample/sample.py for tasks to queue
[2022-06-09 08:46:24,571] {logging_mixin.py:104} INFO - [2022-06-09 08:46:24,570] {dagbag.py:448} INFO - Filling up the DagBag from /opt/airflow/dags/sample/sample.py
[2022-06-09 08:46:24,585] {scheduler_job.py:639} INFO - DAG(s) dict_keys(['sample-dag']) retrieved from /opt/airflow/dags/sample/sample.py
[2022-06-09 08:46:24,599] {logging_mixin.py:104} INFO - [2022-06-09 08:46:24,599] {dag.py:1818} INFO - Sync 1 DAGs
[2022-06-09 08:46:24,611] {logging_mixin.py:104} INFO - [2022-06-09 08:46:24,611] {dag.py:2273} INFO - Setting next_dagrun for sample-dag to None
[2022-06-09 08:46:24,617] {scheduler_job.py:190} INFO - Processing /opt/airflow/dags/sample/sample.py took 0.052 seconds
[2022-06-09 08:46:54,668] {scheduler_job.py:182} INFO - Started process (PID=167) to work on /opt/airflow/dags/sample/sample.py
[2022-06-09 08:46:54,669] {scheduler_job.py:629} INFO - Processing file /opt/airflow/dags/sample/sample.py for tasks to queue
[2022-06-09 08:46:54,670] {logging_mixin.py:104} INFO - [2022-06-09 08:46:54,670] {dagbag.py:448} INFO - Filling up the DagBag from /opt/airflow/dags/sample/sample.py
[2022-06-09 08:46:54,682] {scheduler_job.py:639} INFO - DAG(s) dict_keys(['sample-dag']) retrieved from /opt/airflow/dags/sample/sample.py
[2022-06-09 08:46:54,698] {logging_mixin.py:104} INFO - [2022-06-09 08:46:54,698] {dag.py:1818} INFO - Sync 1 DAGs
[2022-06-09 08:46:54,710] {logging_mixin.py:104} INFO - [2022-06-09 08:46:54,710] {dag.py:2273} INFO - Setting next_dagrun for sample-dag to None
[2022-06-09 08:46:54,717] {scheduler_job.py:190} INFO - Processing /opt/airflow/dags/sample/sample.py took 0.050 seconds
[2022-06-09 08:47:24,800] {scheduler_job.py:182} INFO - Started process (PID=172) to work on /opt/airflow/dags/sample/sample.py
[2022-06-09 08:47:24,802] {scheduler_job.py:629} INFO - Processing file /opt/airflow/dags/sample/sample.py for tasks to queue
[2022-06-09 08:47:24,802] {logging_mixin.py:104} INFO - [2022-06-09 08:47:24,802] {dagbag.py:448} INFO - Filling up the DagBag from /opt/airflow/dags/sample/sample.py
[2022-06-09 08:47:24,816] {scheduler_job.py:639} INFO - DAG(s) dict_keys(['sample-dag']) retrieved from /opt/airflow/dags/sample/sample.py
[2022-06-09 08:47:24,833] {logging_mixin.py:104} INFO - [2022-06-09 08:47:24,833] {dag.py:1818} INFO - Sync 1 DAGs
[2022-06-09 08:47:24,844] {logging_mixin.py:104} INFO - [2022-06-09 08:47:24,844] {dag.py:2273} INFO - Setting next_dagrun for sample-dag to None
[2022-06-09 08:47:24,851] {scheduler_job.py:190} INFO - Processing /opt/airflow/dags/sample/sample.py took 0.055 seconds
