[2022-06-11 02:41:00,638] {taskinstance.py:851} INFO - Dependencies all met for <TaskInstance: sample-dag.sample_task 2022-06-11T02:40:59.491961+00:00 [queued]>
[2022-06-11 02:41:00,646] {taskinstance.py:851} INFO - Dependencies all met for <TaskInstance: sample-dag.sample_task 2022-06-11T02:40:59.491961+00:00 [queued]>
[2022-06-11 02:41:00,646] {taskinstance.py:1042} INFO - 
--------------------------------------------------------------------------------
[2022-06-11 02:41:00,647] {taskinstance.py:1043} INFO - Starting attempt 1 of 1
[2022-06-11 02:41:00,647] {taskinstance.py:1044} INFO - 
--------------------------------------------------------------------------------
[2022-06-11 02:41:00,656] {taskinstance.py:1063} INFO - Executing <Task(PythonOperator): sample_task> on 2022-06-11T02:40:59.491961+00:00
[2022-06-11 02:41:00,658] {standard_task_runner.py:52} INFO - Started process 173 to run task
[2022-06-11 02:41:00,661] {standard_task_runner.py:76} INFO - Running: ['airflow', 'tasks', 'run', 'sample-dag', 'sample_task', '2022-06-11T02:40:59.491961+00:00', '--job-id', '3', '--pool', 'default_pool', '--raw', '--subdir', 'DAGS_FOLDER/sample/sample.py', '--cfg-path', '/tmp/tmpb0c5m_qm', '--error-file', '/tmp/tmplo_aez5m']
[2022-06-11 02:41:00,662] {standard_task_runner.py:77} INFO - Job 3: Subtask sample_task
[2022-06-11 02:41:00,690] {logging_mixin.py:104} INFO - Running <TaskInstance: sample-dag.sample_task 2022-06-11T02:40:59.491961+00:00 [running]> on host 5f12cb31b447
[2022-06-11 02:41:00,722] {taskinstance.py:1257} INFO - Exporting the following env vars:
AIRFLOW_CTX_DAG_EMAIL=your.email@domain.com
AIRFLOW_CTX_DAG_OWNER=Airflow
AIRFLOW_CTX_DAG_ID=sample-dag
AIRFLOW_CTX_TASK_ID=sample_task
AIRFLOW_CTX_EXECUTION_DATE=2022-06-11T02:40:59.491961+00:00
AIRFLOW_CTX_DAG_RUN_ID=manual__2022-06-11T02:40:59.491961+00:00
[2022-06-11 02:41:08,733] {logging_mixin.py:104} INFO - +---+-----------+
| id|       text|
+---+-----------+
|  1|Hello World|
+---+-----------+
[2022-06-11 02:41:08,736] {logging_mixin.py:104} INFO - 
[2022-06-11 02:41:08,736] {python.py:118} INFO - Done. Returned value was: None
[2022-06-11 02:41:08,753] {taskinstance.py:1166} INFO - Marking task as SUCCESS. dag_id=sample-dag, task_id=sample_task, execution_date=20220611T024059, start_date=20220611T024100, end_date=20220611T024108
[2022-06-11 02:41:08,779] {taskinstance.py:1220} INFO - 0 downstream tasks scheduled from follow-on schedule check
[2022-06-11 02:41:08,817] {local_task_job.py:146} INFO - Task exited with return code 0
