[2022-06-09 08:26:27,361] {taskinstance.py:851} INFO - Dependencies all met for <TaskInstance: sample-dag.sample_task 2022-06-09T08:26:26.703733+00:00 [queued]>
[2022-06-09 08:26:27,370] {taskinstance.py:851} INFO - Dependencies all met for <TaskInstance: sample-dag.sample_task 2022-06-09T08:26:26.703733+00:00 [queued]>
[2022-06-09 08:26:27,370] {taskinstance.py:1042} INFO - 
--------------------------------------------------------------------------------
[2022-06-09 08:26:27,370] {taskinstance.py:1043} INFO - Starting attempt 1 of 1
[2022-06-09 08:26:27,370] {taskinstance.py:1044} INFO - 
--------------------------------------------------------------------------------
[2022-06-09 08:26:27,381] {taskinstance.py:1063} INFO - Executing <Task(PythonOperator): sample_task> on 2022-06-09T08:26:26.703733+00:00
[2022-06-09 08:26:27,385] {standard_task_runner.py:52} INFO - Started process 408 to run task
[2022-06-09 08:26:27,387] {standard_task_runner.py:76} INFO - Running: ['airflow', 'tasks', 'run', 'sample-dag', 'sample_task', '2022-06-09T08:26:26.703733+00:00', '--job-id', '3', '--pool', 'default_pool', '--raw', '--subdir', 'DAGS_FOLDER/sample/sample.py', '--cfg-path', '/tmp/tmpxjx_p1ml', '--error-file', '/tmp/tmpdbrle01b']
[2022-06-09 08:26:27,389] {standard_task_runner.py:77} INFO - Job 3: Subtask sample_task
[2022-06-09 08:26:27,421] {logging_mixin.py:104} INFO - Running <TaskInstance: sample-dag.sample_task 2022-06-09T08:26:26.703733+00:00 [running]> on host 10dbe46fd00d
[2022-06-09 08:26:27,454] {taskinstance.py:1257} INFO - Exporting the following env vars:
AIRFLOW_CTX_DAG_EMAIL=your.email@domain.com
AIRFLOW_CTX_DAG_OWNER=Airflow
AIRFLOW_CTX_DAG_ID=sample-dag
AIRFLOW_CTX_TASK_ID=sample_task
AIRFLOW_CTX_EXECUTION_DATE=2022-06-09T08:26:26.703733+00:00
AIRFLOW_CTX_DAG_RUN_ID=manual__2022-06-09T08:26:26.703733+00:00
[2022-06-09 08:26:35,362] {logging_mixin.py:104} INFO - +---+-----------+
| id|       text|
+---+-----------+
|  1|Hello World|
+---+-----------+
[2022-06-09 08:26:35,362] {logging_mixin.py:104} INFO - 
[2022-06-09 08:26:35,363] {python.py:118} INFO - Done. Returned value was: None
[2022-06-09 08:26:35,375] {taskinstance.py:1166} INFO - Marking task as SUCCESS. dag_id=sample-dag, task_id=sample_task, execution_date=20220609T082626, start_date=20220609T082627, end_date=20220609T082635
[2022-06-09 08:26:35,397] {taskinstance.py:1220} INFO - 0 downstream tasks scheduled from follow-on schedule check
[2022-06-09 08:26:35,421] {local_task_job.py:146} INFO - Task exited with return code 0
